2024-02-27 15:50:44,391 [Worker-6: Loading available Gradle versions] INFO  o.e.b.c.i.u.g.PublishedGradleVersions - Gradle version information cache is up-to-date. Trying to read.
2024-02-27 15:57:48,621 [Worker-32: Launching mavenrun-c3a04fdc-f08f-45d6-a160-2446cdc40da8] INFO  o.eclipse.m2e.core.internal.Bundles - getClasspathEntries(Bundle=org.eclipse.m2e.maven.runtime_3.9.500.20231113-2345 [626])
2024-02-27 15:57:48,627 [Worker-32: Launching mavenrun-c3a04fdc-f08f-45d6-a160-2446cdc40da8] INFO  o.eclipse.m2e.core.internal.Bundles - 	Entry: C:\Users\imjee\.p2\pool\plugins\org.eclipse.m2e.maven.runtime_3.9.500.20231113-2345
2024-02-27 15:57:48,627 [Worker-32: Launching mavenrun-c3a04fdc-f08f-45d6-a160-2446cdc40da8] INFO  o.eclipse.m2e.core.internal.Bundles - 	Entry: C:\Users\imjee\.p2\pool\plugins\org.eclipse.m2e.maven.runtime_3.9.500.20231113-2345\jars\aopalliance-1.0.jar
2024-02-27 15:57:48,628 [Worker-32: Launching mavenrun-c3a04fdc-f08f-45d6-a160-2446cdc40da8] INFO  o.eclipse.m2e.core.internal.Bundles - 	Entry: C:\Users\imjee\.p2\pool\plugins\org.eclipse.m2e.maven.runtime_3.9.500.20231113-2345\jars\guice-5.1.0.jar
2024-02-27 15:57:48,628 [Worker-32: Launching mavenrun-c3a04fdc-f08f-45d6-a160-2446cdc40da8] INFO  o.eclipse.m2e.core.internal.Bundles - 	Entry: C:\Users\imjee\.p2\pool\plugins\org.eclipse.m2e.maven.runtime_3.9.500.20231113-2345\jars\httpclient-4.5.14.jar
2024-02-27 15:57:48,629 [Worker-32: Launching mavenrun-c3a04fdc-f08f-45d6-a160-2446cdc40da8] INFO  o.eclipse.m2e.core.internal.Bundles - 	Entry: C:\Users\imjee\.p2\pool\plugins\org.eclipse.m2e.maven.runtime_3.9.500.20231113-2345\jars\httpcore-4.4.16.jar
2024-02-27 15:57:48,629 [Worker-32: Launching mavenrun-c3a04fdc-f08f-45d6-a160-2446cdc40da8] INFO  o.eclipse.m2e.core.internal.Bundles - 	Entry: C:\Users\imjee\.p2\pool\plugins\org.eclipse.m2e.maven.runtime_3.9.500.20231113-2345\jars\jansi-2.4.0.jar
2024-02-27 15:57:48,630 [Worker-32: Launching mavenrun-c3a04fdc-f08f-45d6-a160-2446cdc40da8] INFO  o.eclipse.m2e.core.internal.Bundles - 	Entry: C:\Users\imjee\.p2\pool\plugins\org.eclipse.m2e.maven.runtime_3.9.500.20231113-2345\jars\jcl-over-slf4j-1.7.36.jar
2024-02-27 15:57:48,630 [Worker-32: Launching mavenrun-c3a04fdc-f08f-45d6-a160-2446cdc40da8] INFO  o.eclipse.m2e.core.internal.Bundles - 	Entry: C:\Users\imjee\.p2\pool\plugins\org.eclipse.m2e.maven.runtime_3.9.500.20231113-2345\jars\maven-artifact-3.9.5.jar
2024-02-27 15:57:48,630 [Worker-32: Launching mavenrun-c3a04fdc-f08f-45d6-a160-2446cdc40da8] INFO  o.eclipse.m2e.core.internal.Bundles - 	Entry: C:\Users\imjee\.p2\pool\plugins\org.eclipse.m2e.maven.runtime_3.9.500.20231113-2345\jars\maven-builder-support-3.9.5.jar
2024-02-27 15:57:48,631 [Worker-32: Launching mavenrun-c3a04fdc-f08f-45d6-a160-2446cdc40da8] INFO  o.eclipse.m2e.core.internal.Bundles - 	Entry: C:\Users\imjee\.p2\pool\plugins\org.eclipse.m2e.maven.runtime_3.9.500.20231113-2345\jars\maven-compat-3.9.5.jar
2024-02-27 15:57:48,631 [Worker-32: Launching mavenrun-c3a04fdc-f08f-45d6-a160-2446cdc40da8] INFO  o.eclipse.m2e.core.internal.Bundles - 	Entry: C:\Users\imjee\.p2\pool\plugins\org.eclipse.m2e.maven.runtime_3.9.500.20231113-2345\jars\maven-core-3.9.5.jar
2024-02-27 15:57:48,632 [Worker-32: Launching mavenrun-c3a04fdc-f08f-45d6-a160-2446cdc40da8] INFO  o.eclipse.m2e.core.internal.Bundles - 	Entry: C:\Users\imjee\.p2\pool\plugins\org.eclipse.m2e.maven.runtime_3.9.500.20231113-2345\jars\maven-embedder-3.9.5.jar
2024-02-27 15:57:48,632 [Worker-32: Launching mavenrun-c3a04fdc-f08f-45d6-a160-2446cdc40da8] INFO  o.eclipse.m2e.core.internal.Bundles - 	Entry: C:\Users\imjee\.p2\pool\plugins\org.eclipse.m2e.maven.runtime_3.9.500.20231113-2345\jars\maven-model-3.9.5.jar
2024-02-27 15:57:48,633 [Worker-32: Launching mavenrun-c3a04fdc-f08f-45d6-a160-2446cdc40da8] INFO  o.eclipse.m2e.core.internal.Bundles - 	Entry: C:\Users\imjee\.p2\pool\plugins\org.eclipse.m2e.maven.runtime_3.9.500.20231113-2345\jars\maven-model-builder-3.9.5.jar
2024-02-27 15:57:48,633 [Worker-32: Launching mavenrun-c3a04fdc-f08f-45d6-a160-2446cdc40da8] INFO  o.eclipse.m2e.core.internal.Bundles - 	Entry: C:\Users\imjee\.p2\pool\plugins\org.eclipse.m2e.maven.runtime_3.9.500.20231113-2345\jars\maven-plugin-api-3.9.5.jar
2024-02-27 15:57:48,634 [Worker-32: Launching mavenrun-c3a04fdc-f08f-45d6-a160-2446cdc40da8] INFO  o.eclipse.m2e.core.internal.Bundles - 	Entry: C:\Users\imjee\.p2\pool\plugins\org.eclipse.m2e.maven.runtime_3.9.500.20231113-2345\jars\maven-repository-metadata-3.9.5.jar
2024-02-27 15:57:48,634 [Worker-32: Launching mavenrun-c3a04fdc-f08f-45d6-a160-2446cdc40da8] INFO  o.eclipse.m2e.core.internal.Bundles - 	Entry: C:\Users\imjee\.p2\pool\plugins\org.eclipse.m2e.maven.runtime_3.9.500.20231113-2345\jars\maven-resolver-api-1.9.16.jar
2024-02-27 15:57:48,634 [Worker-32: Launching mavenrun-c3a04fdc-f08f-45d6-a160-2446cdc40da8] INFO  o.eclipse.m2e.core.internal.Bundles - 	Entry: C:\Users\imjee\.p2\pool\plugins\org.eclipse.m2e.maven.runtime_3.9.500.20231113-2345\jars\maven-resolver-connector-basic-1.9.16.jar
2024-02-27 15:57:48,635 [Worker-32: Launching mavenrun-c3a04fdc-f08f-45d6-a160-2446cdc40da8] INFO  o.eclipse.m2e.core.internal.Bundles - 	Entry: C:\Users\imjee\.p2\pool\plugins\org.eclipse.m2e.maven.runtime_3.9.500.20231113-2345\jars\maven-resolver-impl-1.9.16.jar
2024-02-27 15:57:48,635 [Worker-32: Launching mavenrun-c3a04fdc-f08f-45d6-a160-2446cdc40da8] INFO  o.eclipse.m2e.core.internal.Bundles - 	Entry: C:\Users\imjee\.p2\pool\plugins\org.eclipse.m2e.maven.runtime_3.9.500.20231113-2345\jars\maven-resolver-named-locks-1.9.16.jar
2024-02-27 15:57:48,635 [Worker-32: Launching mavenrun-c3a04fdc-f08f-45d6-a160-2446cdc40da8] INFO  o.eclipse.m2e.core.internal.Bundles - 	Entry: C:\Users\imjee\.p2\pool\plugins\org.eclipse.m2e.maven.runtime_3.9.500.20231113-2345\jars\maven-resolver-provider-3.9.5.jar
2024-02-27 15:57:48,636 [Worker-32: Launching mavenrun-c3a04fdc-f08f-45d6-a160-2446cdc40da8] INFO  o.eclipse.m2e.core.internal.Bundles - 	Entry: C:\Users\imjee\.p2\pool\plugins\org.eclipse.m2e.maven.runtime_3.9.500.20231113-2345\jars\maven-resolver-spi-1.9.16.jar
2024-02-27 15:57:48,636 [Worker-32: Launching mavenrun-c3a04fdc-f08f-45d6-a160-2446cdc40da8] INFO  o.eclipse.m2e.core.internal.Bundles - 	Entry: C:\Users\imjee\.p2\pool\plugins\org.eclipse.m2e.maven.runtime_3.9.500.20231113-2345\jars\maven-resolver-transport-file-1.9.16.jar
2024-02-27 15:57:48,636 [Worker-32: Launching mavenrun-c3a04fdc-f08f-45d6-a160-2446cdc40da8] INFO  o.eclipse.m2e.core.internal.Bundles - 	Entry: C:\Users\imjee\.p2\pool\plugins\org.eclipse.m2e.maven.runtime_3.9.500.20231113-2345\jars\maven-resolver-transport-http-1.9.16.jar
2024-02-27 15:57:48,637 [Worker-32: Launching mavenrun-c3a04fdc-f08f-45d6-a160-2446cdc40da8] INFO  o.eclipse.m2e.core.internal.Bundles - 	Entry: C:\Users\imjee\.p2\pool\plugins\org.eclipse.m2e.maven.runtime_3.9.500.20231113-2345\jars\maven-resolver-transport-wagon-1.9.16.jar
2024-02-27 15:57:48,637 [Worker-32: Launching mavenrun-c3a04fdc-f08f-45d6-a160-2446cdc40da8] INFO  o.eclipse.m2e.core.internal.Bundles - 	Entry: C:\Users\imjee\.p2\pool\plugins\org.eclipse.m2e.maven.runtime_3.9.500.20231113-2345\jars\maven-resolver-util-1.9.16.jar
2024-02-27 15:57:48,638 [Worker-32: Launching mavenrun-c3a04fdc-f08f-45d6-a160-2446cdc40da8] INFO  o.eclipse.m2e.core.internal.Bundles - 	Entry: C:\Users\imjee\.p2\pool\plugins\org.eclipse.m2e.maven.runtime_3.9.500.20231113-2345\jars\maven-settings-3.9.5.jar
2024-02-27 15:57:48,638 [Worker-32: Launching mavenrun-c3a04fdc-f08f-45d6-a160-2446cdc40da8] INFO  o.eclipse.m2e.core.internal.Bundles - 	Entry: C:\Users\imjee\.p2\pool\plugins\org.eclipse.m2e.maven.runtime_3.9.500.20231113-2345\jars\maven-settings-builder-3.9.5.jar
2024-02-27 15:57:48,638 [Worker-32: Launching mavenrun-c3a04fdc-f08f-45d6-a160-2446cdc40da8] INFO  o.eclipse.m2e.core.internal.Bundles - 	Entry: C:\Users\imjee\.p2\pool\plugins\org.eclipse.m2e.maven.runtime_3.9.500.20231113-2345\jars\maven-shared-utils-3.3.4.jar
2024-02-27 15:57:48,639 [Worker-32: Launching mavenrun-c3a04fdc-f08f-45d6-a160-2446cdc40da8] INFO  o.eclipse.m2e.core.internal.Bundles - 	Entry: C:\Users\imjee\.p2\pool\plugins\org.eclipse.m2e.maven.runtime_3.9.500.20231113-2345\jars\org.eclipse.sisu.inject-0.3.5.jar
2024-02-27 15:57:48,639 [Worker-32: Launching mavenrun-c3a04fdc-f08f-45d6-a160-2446cdc40da8] INFO  o.eclipse.m2e.core.internal.Bundles - 	Entry: C:\Users\imjee\.p2\pool\plugins\org.eclipse.m2e.maven.runtime_3.9.500.20231113-2345\jars\org.eclipse.sisu.plexus-0.3.5.jar
2024-02-27 15:57:48,640 [Worker-32: Launching mavenrun-c3a04fdc-f08f-45d6-a160-2446cdc40da8] INFO  o.eclipse.m2e.core.internal.Bundles - 	Entry: C:\Users\imjee\.p2\pool\plugins\org.eclipse.m2e.maven.runtime_3.9.500.20231113-2345\jars\plexus-build-api-0.0.7.jar
2024-02-27 15:57:48,640 [Worker-32: Launching mavenrun-c3a04fdc-f08f-45d6-a160-2446cdc40da8] INFO  o.eclipse.m2e.core.internal.Bundles - 	Entry: C:\Users\imjee\.p2\pool\plugins\org.eclipse.m2e.maven.runtime_3.9.500.20231113-2345\jars\plexus-cipher-2.0.jar
2024-02-27 15:57:48,641 [Worker-32: Launching mavenrun-c3a04fdc-f08f-45d6-a160-2446cdc40da8] INFO  o.eclipse.m2e.core.internal.Bundles - 	Entry: C:\Users\imjee\.p2\pool\plugins\org.eclipse.m2e.maven.runtime_3.9.500.20231113-2345\jars\plexus-classworlds-2.7.0.jar
2024-02-27 15:57:48,641 [Worker-32: Launching mavenrun-c3a04fdc-f08f-45d6-a160-2446cdc40da8] INFO  o.eclipse.m2e.core.internal.Bundles - 	Entry: C:\Users\imjee\.p2\pool\plugins\org.eclipse.m2e.maven.runtime_3.9.500.20231113-2345\jars\plexus-component-annotations-2.1.0.jar
2024-02-27 15:57:48,642 [Worker-32: Launching mavenrun-c3a04fdc-f08f-45d6-a160-2446cdc40da8] INFO  o.eclipse.m2e.core.internal.Bundles - 	Entry: C:\Users\imjee\.p2\pool\plugins\org.eclipse.m2e.maven.runtime_3.9.500.20231113-2345\jars\plexus-interpolation-1.26.jar
2024-02-27 15:57:48,642 [Worker-32: Launching mavenrun-c3a04fdc-f08f-45d6-a160-2446cdc40da8] INFO  o.eclipse.m2e.core.internal.Bundles - 	Entry: C:\Users\imjee\.p2\pool\plugins\org.eclipse.m2e.maven.runtime_3.9.500.20231113-2345\jars\plexus-sec-dispatcher-2.0.jar
2024-02-27 15:57:48,643 [Worker-32: Launching mavenrun-c3a04fdc-f08f-45d6-a160-2446cdc40da8] INFO  o.eclipse.m2e.core.internal.Bundles - 	Entry: C:\Users\imjee\.p2\pool\plugins\org.eclipse.m2e.maven.runtime_3.9.500.20231113-2345\jars\plexus-utils-3.5.1.jar
2024-02-27 15:57:48,643 [Worker-32: Launching mavenrun-c3a04fdc-f08f-45d6-a160-2446cdc40da8] INFO  o.eclipse.m2e.core.internal.Bundles - 	Entry: C:\Users\imjee\.p2\pool\plugins\org.eclipse.m2e.maven.runtime_3.9.500.20231113-2345\jars\wagon-file-3.5.3.jar
2024-02-27 15:57:48,643 [Worker-32: Launching mavenrun-c3a04fdc-f08f-45d6-a160-2446cdc40da8] INFO  o.eclipse.m2e.core.internal.Bundles - 	Entry: C:\Users\imjee\.p2\pool\plugins\org.eclipse.m2e.maven.runtime_3.9.500.20231113-2345\jars\wagon-http-3.5.3.jar
2024-02-27 15:57:48,643 [Worker-32: Launching mavenrun-c3a04fdc-f08f-45d6-a160-2446cdc40da8] INFO  o.eclipse.m2e.core.internal.Bundles - 	Entry: C:\Users\imjee\.p2\pool\plugins\org.eclipse.m2e.maven.runtime_3.9.500.20231113-2345\jars\wagon-http-shared-3.5.3.jar
2024-02-27 15:57:48,644 [Worker-32: Launching mavenrun-c3a04fdc-f08f-45d6-a160-2446cdc40da8] INFO  o.eclipse.m2e.core.internal.Bundles - 	Entry: C:\Users\imjee\.p2\pool\plugins\org.eclipse.m2e.maven.runtime_3.9.500.20231113-2345\jars\wagon-provider-api-3.5.3.jar
2024-02-27 15:57:48,647 [Worker-32: Launching mavenrun-c3a04fdc-f08f-45d6-a160-2446cdc40da8] INFO  o.eclipse.m2e.core.internal.Bundles - getClasspathEntries(Bundle=com.google.guava_32.1.3.jre [12])
2024-02-27 15:57:48,648 [Worker-32: Launching mavenrun-c3a04fdc-f08f-45d6-a160-2446cdc40da8] INFO  o.eclipse.m2e.core.internal.Bundles - 	Entry: C:\Users\imjee\.p2\pool\plugins\com.google.guava_32.1.3.jre.jar
2024-02-27 15:57:48,648 [Worker-32: Launching mavenrun-c3a04fdc-f08f-45d6-a160-2446cdc40da8] INFO  o.eclipse.m2e.core.internal.Bundles - getClasspathEntries(Bundle=slf4j.api_2.0.11 [986])
2024-02-27 15:57:48,649 [Worker-32: Launching mavenrun-c3a04fdc-f08f-45d6-a160-2446cdc40da8] INFO  o.eclipse.m2e.core.internal.Bundles - 	Entry: C:\Users\imjee\.p2\pool\plugins\slf4j.api_2.0.11.jar
2024-02-27 15:57:48,650 [Worker-32: Launching mavenrun-c3a04fdc-f08f-45d6-a160-2446cdc40da8] INFO  o.eclipse.m2e.core.internal.Bundles - getClasspathEntries(Bundle=jakarta.inject.jakarta.inject-api_1.0.5 [29])
2024-02-27 15:57:48,650 [Worker-32: Launching mavenrun-c3a04fdc-f08f-45d6-a160-2446cdc40da8] INFO  o.eclipse.m2e.core.internal.Bundles - 	Entry: C:\Users\imjee\.p2\pool\plugins\jakarta.inject.jakarta.inject-api_1.0.5.jar
2024-02-27 15:57:48,651 [Worker-32: Launching mavenrun-c3a04fdc-f08f-45d6-a160-2446cdc40da8] INFO  o.eclipse.m2e.core.internal.Bundles - getClasspathEntries(Bundle=jakarta.annotation-api_1.3.5 [24])
2024-02-27 15:57:48,652 [Worker-32: Launching mavenrun-c3a04fdc-f08f-45d6-a160-2446cdc40da8] INFO  o.eclipse.m2e.core.internal.Bundles - 	Entry: C:\Users\imjee\.p2\pool\plugins\jakarta.annotation-api_1.3.5.jar
2024-02-27 15:57:48,652 [Worker-32: Launching mavenrun-c3a04fdc-f08f-45d6-a160-2446cdc40da8] INFO  o.eclipse.m2e.core.internal.Bundles - getClasspathEntries(Bundle=org.apache.commons.cli_1.6.0 [71])
2024-02-27 15:57:48,653 [Worker-32: Launching mavenrun-c3a04fdc-f08f-45d6-a160-2446cdc40da8] INFO  o.eclipse.m2e.core.internal.Bundles - 	Entry: C:\Users\imjee\.p2\pool\plugins\org.apache.commons.cli_1.6.0.jar
2024-02-27 15:57:48,653 [Worker-32: Launching mavenrun-c3a04fdc-f08f-45d6-a160-2446cdc40da8] INFO  o.eclipse.m2e.core.internal.Bundles - getClasspathEntries(Bundle=org.apache.commons.commons-codec_1.16.0 [75])
2024-02-27 15:57:48,653 [Worker-32: Launching mavenrun-c3a04fdc-f08f-45d6-a160-2446cdc40da8] INFO  o.eclipse.m2e.core.internal.Bundles - 	Entry: C:\Users\imjee\.p2\pool\plugins\org.apache.commons.commons-codec_1.16.0.jar
2024-02-27 15:57:48,654 [Worker-32: Launching mavenrun-c3a04fdc-f08f-45d6-a160-2446cdc40da8] INFO  o.eclipse.m2e.core.internal.Bundles - getClasspathEntries(Bundle=org.apache.commons.lang3_3.13.0 [82])
2024-02-27 15:57:48,654 [Worker-32: Launching mavenrun-c3a04fdc-f08f-45d6-a160-2446cdc40da8] INFO  o.eclipse.m2e.core.internal.Bundles - 	Entry: C:\Users\imjee\.p2\pool\plugins\org.apache.commons.lang3_3.13.0.jar
2024-02-27 15:57:48,655 [Worker-32: Launching mavenrun-c3a04fdc-f08f-45d6-a160-2446cdc40da8] INFO  o.eclipse.m2e.core.internal.Bundles - getClasspathEntries(Bundle=com.google.guava.failureaccess_1.0.2 [13])
2024-02-27 15:57:48,656 [Worker-32: Launching mavenrun-c3a04fdc-f08f-45d6-a160-2446cdc40da8] INFO  o.eclipse.m2e.core.internal.Bundles - 	Entry: C:\Users\imjee\.p2\pool\plugins\com.google.guava.failureaccess_1.0.2.jar
2024-02-27 15:57:48,669 [Worker-32: Launching mavenrun-c3a04fdc-f08f-45d6-a160-2446cdc40da8] INFO  o.e.m.i.launch.MavenLaunchDelegate - Run build in "C:\Users\imjee\AppData\Local\Temp\m2e-archetypeGenerator6983912686433165253":
2024-02-27 15:57:48,676 [Worker-32: Launching mavenrun-c3a04fdc-f08f-45d6-a160-2446cdc40da8] INFO  o.e.m.i.launch.MavenLaunchDelegate -  mvn  -DarchetypeGroupId=org.apache.maven.archetypes -DarchetypeArtifactId=maven-archetype-webapp -DarchetypeVersion=1.4 -DgroupId=com.hw -DartifactId=First-Servlet -Dversion=0.0.1-SNAPSHOT -Dpackage=com.hw.First_Servlet -DoutputDirectory="D:\Adv. Java\H_w" -Dstyle.color=always -U archetype:generate
2024-02-27 15:58:11,081 [Worker-24: Creating maven-archetype-webapp] INFO  o.e.m.c.i.p.ProjectConfigurationManager - Collecting project info '/pom.xml' D:\Adv. Java\H_w\First-Servlet\pom.xml
2024-02-27 15:58:12,545 [Worker-24: Creating maven-archetype-webapp] INFO  o.e.m.c.i.l.LifecycleMappingFactory - Using org.maven.ide.eclipse.wtp.WarLifecycleMapping lifecycle mapping for MavenProject: com.hw:First-Servlet:0.0.1-SNAPSHOT @ D:\Adv. Java\H_w\First-Servlet\pom.xml.
2024-02-27 15:58:13,902 [Worker-24: Creating maven-archetype-webapp] INFO  o.e.m.j.i.AbstractJavaProjectConfigurator - Adding source folder /First-Servlet/src/main/java
2024-02-27 15:58:13,903 [Worker-24: Creating maven-archetype-webapp] INFO  o.e.m.j.i.AbstractJavaProjectConfigurator - Adding resource folder /First-Servlet/src/main/resources
2024-02-27 15:58:13,904 [Worker-24: Creating maven-archetype-webapp] INFO  o.e.m.j.i.AbstractJavaProjectConfigurator - Adding source folder /First-Servlet/src/test/java
2024-02-27 15:58:13,904 [Worker-24: Creating maven-archetype-webapp] INFO  o.e.m.j.i.AbstractJavaProjectConfigurator - Adding resource folder /First-Servlet/src/test/resources
2024-02-27 15:58:15,948 [Worker-24: Creating maven-archetype-webapp] INFO  o.e.m.c.i.p.ProjectConfigurationManager - Imported and configured 1 project(s) in 4 sec
2024-02-27 15:58:16,877 [Worker-34: Building] INFO  o.e.m.c.i.embedder.EclipseLogger - Using 'UTF-8' encoding to copy filtered resources.
2024-02-27 15:58:16,877 [Worker-34: Building] INFO  o.e.m.c.i.embedder.EclipseLogger - skip non existing resourceDirectory D:\Adv. Java\H_w\First-Servlet\src\main\resources
2024-02-27 15:58:16,882 [Worker-34: Building] INFO  o.e.m.c.i.embedder.EclipseLogger - Using 'UTF-8' encoding to copy filtered resources.
2024-02-27 15:58:16,883 [Worker-34: Building] INFO  o.e.m.c.i.embedder.EclipseLogger - skip non existing resourceDirectory D:\Adv. Java\H_w\First-Servlet\src\test\resources
2024-02-27 15:58:29,655 [Worker-33: Building] INFO  o.e.m.c.i.embedder.EclipseLogger - Using 'UTF-8' encoding to copy filtered resources.
2024-02-27 15:58:29,664 [Worker-33: Building] INFO  o.e.m.c.i.embedder.EclipseLogger - Copying 0 resource
2024-02-27 15:58:29,669 [Worker-33: Building] INFO  o.e.m.c.i.embedder.EclipseLogger - Using 'UTF-8' encoding to copy filtered resources.
2024-02-27 15:58:29,670 [Worker-33: Building] INFO  o.e.m.c.i.embedder.EclipseLogger - Copying 0 resource
